<?xml version="1.0" encoding="UTF-8"?>
<!-- Generated by org.testng.reporters.JUnitXMLReporter -->
<testsuite ignored="0" hostname="Logueswar" failures="0" tests="4" name=" Linux Firefox Test" time="39.543" errors="0" timestamp="2025-08-24T10:01:33 IST">
  <testcase classname="testCases.TC01_ProductsPageVerification" name="verifyproductspage" time="0.817"/>
  <testcase classname="testCases.TC03_ButtonPageVerification" name="verifybuttonpage" time="0.71"/>
  <testcase classname="testCases.TC04_SelectPageVerification" name="verifydropdownactions" time="1.031"/>
  <testcase classname="testCases.TC05_TabsPageVerification" name="verifytabspage" time="0.528"/>
</testsuite> <!--  Linux Firefox Test -->
