<?xml version="1.0" encoding="UTF-8"?>
<!-- Generated by org.testng.reporters.JUnitXMLReporter -->
<testsuite ignored="0" hostname="Logueswar" failures="0" tests="4" name="Test" time="23.371" errors="0" timestamp="2025-08-23T20:27:22 IST">
  <testcase classname="testCases.TC01_ProductsPageVerification" name="verifyproductspage" time="0.533"/>
  <testcase classname="testCases.TC03_ButtonPageVerification" name="verifybuttonpage" time="0.582"/>
  <testcase classname="testCases.TC04_SelectPageVerification" name="verifydropdownactions" time="1.047"/>
  <testcase classname="testCases.TC05_TabsPageVerification" name="verifytabspage" time="2.541"/>
</testsuite> <!-- Test -->
