<?xml version="1.0" encoding="UTF-8"?>
<!-- Generated by org.testng.reporters.JUnitXMLReporter -->
<testsuite ignored="0" hostname="Logueswar" failures="0" tests="5" name="Test" time="21.406" errors="0" timestamp="2025-08-25T11:43:07 IST">
  <testcase classname="testCases.TC01_ProductsPageVerification" name="verifyproductspage" time="0.336"/>
  <testcase classname="testCases.TC03_ButtonPageVerification" name="verifybuttonpage" time="0.505"/>
  <testcase classname="testCases.TC04_SelectPageVerification" name="verifydropdownactions" time="0.667"/>
  <testcase classname="testCases.TC05_TabsPageVerification" name="verifytabspage" time="2.237"/>
  <testcase classname="testCases.TC06_AlertsPageVerification" name="verify_alerts" time="0.422"/>
</testsuite> <!-- Test -->
