<?xml version="1.0" encoding="UTF-8"?>
<!-- Generated by org.testng.reporters.JUnitXMLReporter -->
<testsuite ignored="0" hostname="Logueswar" failures="0" tests="4" name="Test" time="23.113" errors="0" timestamp="2025-08-24T11:46:58 IST">
  <testcase classname="testCases.TC01_ProductsPageVerification" name="verifyproductspage" time="0.327"/>
  <testcase classname="testCases.TC03_ButtonPageVerification" name="verifybuttonpage" time="0.587"/>
  <testcase classname="testCases.TC04_SelectPageVerification" name="verifydropdownactions" time="0.845"/>
  <testcase classname="testCases.TC05_TabsPageVerification" name="verifytabspage" time="4.035"/>
</testsuite> <!-- Test -->
