<?xml version="1.0" encoding="UTF-8"?>
<testng-results ignored="0" total="5" passed="5" failed="0" skipped="0">
  <reporter-output>
  </reporter-output>
  <suite started-at="2025-08-25T11:46:42 IST" name="Suite" finished-at="2025-08-25T11:47:01 IST" duration-ms="19413">
    <groups>
      <group name="functional">
        <method signature="TC04_SelectPageVerification.verifydropdownactions()[pri:0, instance:testCases.TC04_SelectPageVerification@59662a0b]" name="verifydropdownactions" class="testCases.TC04_SelectPageVerification"/>
      </group> <!-- functional -->
      <group name="regression">
        <method signature="TC01_ProductsPageVerification.verifyproductspage()[pri:0, instance:testCases.TC01_ProductsPageVerification@4ec4f3a0]" name="verifyproductspage" class="testCases.TC01_ProductsPageVerification"/>
        <method signature="TC03_ButtonPageVerification.verifybuttonpage()[pri:0, instance:testCases.TC03_ButtonPageVerification@1b7cc17c]" name="verifybuttonpage" class="testCases.TC03_ButtonPageVerification"/>
      </group> <!-- regression -->
      <group name="sanity">
        <method signature="TC01_ProductsPageVerification.verifyproductspage()[pri:0, instance:testCases.TC01_ProductsPageVerification@4ec4f3a0]" name="verifyproductspage" class="testCases.TC01_ProductsPageVerification"/>
      </group> <!-- sanity -->
      <group name="master">
        <method signature="TC03_ButtonPageVerification.verifybuttonpage()[pri:0, instance:testCases.TC03_ButtonPageVerification@1b7cc17c]" name="verifybuttonpage" class="testCases.TC03_ButtonPageVerification"/>
        <method signature="TC04_SelectPageVerification.verifydropdownactions()[pri:0, instance:testCases.TC04_SelectPageVerification@59662a0b]" name="verifydropdownactions" class="testCases.TC04_SelectPageVerification"/>
        <method signature="TC05_TabsPageVerification.verifytabspage()[pri:0, instance:testCases.TC05_TabsPageVerification@77fbd92c]" name="verifytabspage" class="testCases.TC05_TabsPageVerification"/>
      </group> <!-- master -->
    </groups>
    <test started-at="2025-08-25T11:46:42 IST" name="Test" finished-at="2025-08-25T11:47:01 IST" duration-ms="19413">
      <class name="testCases.TC06_AlertsPageVerification">
        <test-method is-config="true" signature="setup(java.lang.String,java.lang.String)[pri:0, instance:testCases.TC06_AlertsPageVerification@67c27493]" started-at="2025-08-25T11:46:57 IST" name="setup" finished-at="2025-08-25T11:47:00 IST" duration-ms="3029" status="PASS">
          <params>
            <param index="0">
              <value>
                <![CDATA[chrome]]>
              </value>
            </param>
            <param index="1">
              <value>
                <![CDATA[windows]]>
              </value>
            </param>
          </params>
          <reporter-output>
          </reporter-output>
        </test-method> <!-- setup -->
        <test-method signature="verify_alerts()[pri:0, instance:testCases.TC06_AlertsPageVerification@67c27493]" started-at="2025-08-25T11:47:00 IST" name="verify_alerts" finished-at="2025-08-25T11:47:01 IST" duration-ms="430" status="PASS">
          <reporter-output>
          </reporter-output>
        </test-method> <!-- verify_alerts -->
        <test-method is-config="true" signature="teardown()[pri:0, instance:testCases.TC06_AlertsPageVerification@67c27493]" started-at="2025-08-25T11:47:01 IST" name="teardown" finished-at="2025-08-25T11:47:01 IST" duration-ms="223" status="PASS">
          <reporter-output>
          </reporter-output>
        </test-method> <!-- teardown -->
      </class> <!-- testCases.TC06_AlertsPageVerification -->
      <class name="testCases.TC04_SelectPageVerification">
        <test-method is-config="true" signature="setup(java.lang.String,java.lang.String)[pri:0, instance:testCases.TC04_SelectPageVerification@59662a0b]" started-at="2025-08-25T11:46:49 IST" name="setup" finished-at="2025-08-25T11:46:52 IST" duration-ms="2415" status="PASS">
          <params>
            <param index="0">
              <value>
                <![CDATA[chrome]]>
              </value>
            </param>
            <param index="1">
              <value>
                <![CDATA[windows]]>
              </value>
            </param>
          </params>
          <reporter-output>
          </reporter-output>
        </test-method> <!-- setup -->
        <test-method signature="verifydropdownactions()[pri:0, instance:testCases.TC04_SelectPageVerification@59662a0b]" started-at="2025-08-25T11:46:52 IST" name="verifydropdownactions" finished-at="2025-08-25T11:46:53 IST" duration-ms="728" status="PASS">
          <reporter-output>
          </reporter-output>
        </test-method> <!-- verifydropdownactions -->
        <test-method is-config="true" signature="teardown()[pri:0, instance:testCases.TC04_SelectPageVerification@59662a0b]" started-at="2025-08-25T11:46:53 IST" name="teardown" finished-at="2025-08-25T11:46:53 IST" duration-ms="348" status="PASS">
          <reporter-output>
          </reporter-output>
        </test-method> <!-- teardown -->
      </class> <!-- testCases.TC04_SelectPageVerification -->
      <class name="testCases.TC03_ButtonPageVerification">
        <test-method is-config="true" signature="setup(java.lang.String,java.lang.String)[pri:0, instance:testCases.TC03_ButtonPageVerification@1b7cc17c]" started-at="2025-08-25T11:46:46 IST" name="setup" finished-at="2025-08-25T11:46:49 IST" duration-ms="2845" status="PASS">
          <params>
            <param index="0">
              <value>
                <![CDATA[chrome]]>
              </value>
            </param>
            <param index="1">
              <value>
                <![CDATA[windows]]>
              </value>
            </param>
          </params>
          <reporter-output>
          </reporter-output>
        </test-method> <!-- setup -->
        <test-method signature="verifybuttonpage()[pri:0, instance:testCases.TC03_ButtonPageVerification@1b7cc17c]" started-at="2025-08-25T11:46:49 IST" name="verifybuttonpage" finished-at="2025-08-25T11:46:49 IST" duration-ms="471" status="PASS">
          <reporter-output>
          </reporter-output>
        </test-method> <!-- verifybuttonpage -->
        <test-method is-config="true" signature="teardown()[pri:0, instance:testCases.TC03_ButtonPageVerification@1b7cc17c]" started-at="2025-08-25T11:46:49 IST" name="teardown" finished-at="2025-08-25T11:46:49 IST" duration-ms="311" status="PASS">
          <reporter-output>
          </reporter-output>
        </test-method> <!-- teardown -->
      </class> <!-- testCases.TC03_ButtonPageVerification -->
      <class name="testCases.TC05_TabsPageVerification">
        <test-method is-config="true" signature="setup(java.lang.String,java.lang.String)[pri:0, instance:testCases.TC05_TabsPageVerification@77fbd92c]" started-at="2025-08-25T11:46:53 IST" name="setup" finished-at="2025-08-25T11:46:55 IST" duration-ms="2479" status="PASS">
          <params>
            <param index="0">
              <value>
                <![CDATA[chrome]]>
              </value>
            </param>
            <param index="1">
              <value>
                <![CDATA[windows]]>
              </value>
            </param>
          </params>
          <reporter-output>
          </reporter-output>
        </test-method> <!-- setup -->
        <test-method signature="verifytabspage()[pri:0, instance:testCases.TC05_TabsPageVerification@77fbd92c]" started-at="2025-08-25T11:46:55 IST" name="verifytabspage" finished-at="2025-08-25T11:46:57 IST" duration-ms="1741" status="PASS">
          <reporter-output>
          </reporter-output>
        </test-method> <!-- verifytabspage -->
        <test-method is-config="true" signature="teardown()[pri:0, instance:testCases.TC05_TabsPageVerification@77fbd92c]" started-at="2025-08-25T11:46:57 IST" name="teardown" finished-at="2025-08-25T11:46:57 IST" duration-ms="260" status="PASS">
          <reporter-output>
          </reporter-output>
        </test-method> <!-- teardown -->
      </class> <!-- testCases.TC05_TabsPageVerification -->
      <class name="testCases.TC01_ProductsPageVerification">
        <test-method is-config="true" signature="setup(java.lang.String,java.lang.String)[pri:0, instance:testCases.TC01_ProductsPageVerification@4ec4f3a0]" started-at="2025-08-25T11:46:42 IST" name="setup" finished-at="2025-08-25T11:46:45 IST" duration-ms="3346" status="PASS">
          <params>
            <param index="0">
              <value>
                <![CDATA[chrome]]>
              </value>
            </param>
            <param index="1">
              <value>
                <![CDATA[windows]]>
              </value>
            </param>
          </params>
          <reporter-output>
          </reporter-output>
        </test-method> <!-- setup -->
        <test-method signature="verifyproductspage()[pri:0, instance:testCases.TC01_ProductsPageVerification@4ec4f3a0]" started-at="2025-08-25T11:46:45 IST" name="verifyproductspage" finished-at="2025-08-25T11:46:46 IST" duration-ms="282" status="PASS">
          <reporter-output>
          </reporter-output>
        </test-method> <!-- verifyproductspage -->
        <test-method is-config="true" signature="teardown()[pri:0, instance:testCases.TC01_ProductsPageVerification@4ec4f3a0]" started-at="2025-08-25T11:46:46 IST" name="teardown" finished-at="2025-08-25T11:46:46 IST" duration-ms="268" status="PASS">
          <reporter-output>
          </reporter-output>
        </test-method> <!-- teardown -->
      </class> <!-- testCases.TC01_ProductsPageVerification -->
    </test> <!-- Test -->
  </suite> <!-- Suite -->
</testng-results>
