<?xml version="1.0" encoding="UTF-8"?>
<testng-results ignored="0" total="4" passed="4" failed="0" skipped="0">
  <reporter-output>
  </reporter-output>
  <suite started-at="2025-08-24T11:46:33 IST" name="Suite" finished-at="2025-08-24T11:46:56 IST" duration-ms="23113">
    <groups>
      <group name="functional">
        <method signature="TC04_SelectPageVerification.verifydropdownactions()[pri:0, instance:testCases.TC04_SelectPageVerification@4efbca5a]" name="verifydropdownactions" class="testCases.TC04_SelectPageVerification"/>
      </group> <!-- functional -->
      <group name="regression">
        <method signature="TC01_ProductsPageVerification.verifyproductspage()[pri:0, instance:testCases.TC01_ProductsPageVerification@6adbc9d]" name="verifyproductspage" class="testCases.TC01_ProductsPageVerification"/>
        <method signature="TC03_ButtonPageVerification.verifybuttonpage()[pri:0, instance:testCases.TC03_ButtonPageVerification@6069db50]" name="verifybuttonpage" class="testCases.TC03_ButtonPageVerification"/>
      </group> <!-- regression -->
      <group name="sanity">
        <method signature="TC01_ProductsPageVerification.verifyproductspage()[pri:0, instance:testCases.TC01_ProductsPageVerification@6adbc9d]" name="verifyproductspage" class="testCases.TC01_ProductsPageVerification"/>
      </group> <!-- sanity -->
      <group name="master">
        <method signature="TC03_ButtonPageVerification.verifybuttonpage()[pri:0, instance:testCases.TC03_ButtonPageVerification@6069db50]" name="verifybuttonpage" class="testCases.TC03_ButtonPageVerification"/>
        <method signature="TC04_SelectPageVerification.verifydropdownactions()[pri:0, instance:testCases.TC04_SelectPageVerification@4efbca5a]" name="verifydropdownactions" class="testCases.TC04_SelectPageVerification"/>
        <method signature="TC05_TabsPageVerification.verifytabspage()[pri:0, instance:testCases.TC05_TabsPageVerification@1b7cc17c]" name="verifytabspage" class="testCases.TC05_TabsPageVerification"/>
      </group> <!-- master -->
    </groups>
    <test started-at="2025-08-24T11:46:33 IST" name="Test" finished-at="2025-08-24T11:46:56 IST" duration-ms="23113">
      <class name="testCases.TC04_SelectPageVerification">
        <test-method is-config="true" signature="setup(java.lang.String,java.lang.String)[pri:0, instance:testCases.TC04_SelectPageVerification@4efbca5a]" started-at="2025-08-24T11:46:43 IST" name="setup" finished-at="2025-08-24T11:46:47 IST" duration-ms="3998" status="PASS">
          <params>
            <param index="0">
              <value>
                <![CDATA[chrome]]>
              </value>
            </param>
            <param index="1">
              <value>
                <![CDATA[windows]]>
              </value>
            </param>
          </params>
          <reporter-output>
          </reporter-output>
        </test-method> <!-- setup -->
        <test-method signature="verifydropdownactions()[pri:0, instance:testCases.TC04_SelectPageVerification@4efbca5a]" started-at="2025-08-24T11:46:47 IST" name="verifydropdownactions" finished-at="2025-08-24T11:46:48 IST" duration-ms="845" status="PASS">
          <reporter-output>
          </reporter-output>
        </test-method> <!-- verifydropdownactions -->
        <test-method is-config="true" signature="teardown()[pri:0, instance:testCases.TC04_SelectPageVerification@4efbca5a]" started-at="2025-08-24T11:46:48 IST" name="teardown" finished-at="2025-08-24T11:46:48 IST" duration-ms="312" status="PASS">
          <reporter-output>
          </reporter-output>
        </test-method> <!-- teardown -->
      </class> <!-- testCases.TC04_SelectPageVerification -->
      <class name="testCases.TC03_ButtonPageVerification">
        <test-method is-config="true" signature="setup(java.lang.String,java.lang.String)[pri:0, instance:testCases.TC03_ButtonPageVerification@6069db50]" started-at="2025-08-24T11:46:38 IST" name="setup" finished-at="2025-08-24T11:46:42 IST" duration-ms="3727" status="PASS">
          <params>
            <param index="0">
              <value>
                <![CDATA[chrome]]>
              </value>
            </param>
            <param index="1">
              <value>
                <![CDATA[windows]]>
              </value>
            </param>
          </params>
          <reporter-output>
          </reporter-output>
        </test-method> <!-- setup -->
        <test-method signature="verifybuttonpage()[pri:0, instance:testCases.TC03_ButtonPageVerification@6069db50]" started-at="2025-08-24T11:46:42 IST" name="verifybuttonpage" finished-at="2025-08-24T11:46:43 IST" duration-ms="587" status="PASS">
          <reporter-output>
          </reporter-output>
        </test-method> <!-- verifybuttonpage -->
        <test-method is-config="true" signature="teardown()[pri:0, instance:testCases.TC03_ButtonPageVerification@6069db50]" started-at="2025-08-24T11:46:43 IST" name="teardown" finished-at="2025-08-24T11:46:43 IST" duration-ms="334" status="PASS">
          <reporter-output>
          </reporter-output>
        </test-method> <!-- teardown -->
      </class> <!-- testCases.TC03_ButtonPageVerification -->
      <class name="testCases.TC05_TabsPageVerification">
        <test-method is-config="true" signature="setup(java.lang.String,java.lang.String)[pri:0, instance:testCases.TC05_TabsPageVerification@1b7cc17c]" started-at="2025-08-24T11:46:48 IST" name="setup" finished-at="2025-08-24T11:46:51 IST" duration-ms="3168" status="PASS">
          <params>
            <param index="0">
              <value>
                <![CDATA[chrome]]>
              </value>
            </param>
            <param index="1">
              <value>
                <![CDATA[windows]]>
              </value>
            </param>
          </params>
          <reporter-output>
          </reporter-output>
        </test-method> <!-- setup -->
        <test-method signature="verifytabspage()[pri:0, instance:testCases.TC05_TabsPageVerification@1b7cc17c]" started-at="2025-08-24T11:46:51 IST" name="verifytabspage" finished-at="2025-08-24T11:46:55 IST" duration-ms="4035" status="PASS">
          <reporter-output>
          </reporter-output>
        </test-method> <!-- verifytabspage -->
        <test-method is-config="true" signature="teardown()[pri:0, instance:testCases.TC05_TabsPageVerification@1b7cc17c]" started-at="2025-08-24T11:46:55 IST" name="teardown" finished-at="2025-08-24T11:46:56 IST" duration-ms="364" status="PASS">
          <reporter-output>
          </reporter-output>
        </test-method> <!-- teardown -->
      </class> <!-- testCases.TC05_TabsPageVerification -->
      <class name="testCases.TC01_ProductsPageVerification">
        <test-method is-config="true" signature="setup(java.lang.String,java.lang.String)[pri:0, instance:testCases.TC01_ProductsPageVerification@6adbc9d]" started-at="2025-08-24T11:46:33 IST" name="setup" finished-at="2025-08-24T11:46:38 IST" duration-ms="4927" status="PASS">
          <params>
            <param index="0">
              <value>
                <![CDATA[chrome]]>
              </value>
            </param>
            <param index="1">
              <value>
                <![CDATA[windows]]>
              </value>
            </param>
          </params>
          <reporter-output>
          </reporter-output>
        </test-method> <!-- setup -->
        <test-method signature="verifyproductspage()[pri:0, instance:testCases.TC01_ProductsPageVerification@6adbc9d]" started-at="2025-08-24T11:46:38 IST" name="verifyproductspage" finished-at="2025-08-24T11:46:38 IST" duration-ms="327" status="PASS">
          <reporter-output>
          </reporter-output>
        </test-method> <!-- verifyproductspage -->
        <test-method is-config="true" signature="teardown()[pri:0, instance:testCases.TC01_ProductsPageVerification@6adbc9d]" started-at="2025-08-24T11:46:38 IST" name="teardown" finished-at="2025-08-24T11:46:38 IST" duration-ms="258" status="PASS">
          <reporter-output>
          </reporter-output>
        </test-method> <!-- teardown -->
      </class> <!-- testCases.TC01_ProductsPageVerification -->
    </test> <!-- Test -->
  </suite> <!-- Suite -->
</testng-results>
